<?xml version="1.0" encoding="UTF-8"?>
<!-- Generated by org.testng.reporters.JUnitXMLReporter -->
<testsuite ignored="52" hostname="Salik" failures="0" tests="1" name="Default test" time="6.039" errors="0" timestamp="2024-02-09T15:52:33 IST">
  <testcase classname="testcases.AutomobilePageVehicleDataTest" name="verifyNextButtonTest" time="0.219"/>
  <testcase classname="testcases.AutomobilePageVehicleDataTest" name="verifyFutureErrMsgTest" time="0.0">
    <ignored/>
  </testcase> <!-- verifyFutureErrMsgTest -->
  <testcase classname="testcases.AutomobilePageVehicleDataTest" name="verifyTrueLicPNTest" time="0.0">
    <ignored/>
  </testcase> <!-- verifyTrueLicPNTest -->
  <testcase classname="testcases.AutomobilePageVehicleDataTest" name="trueValueAMTest" time="0.0">
    <ignored/>
  </testcase> <!-- trueValueAMTest -->
  <testcase classname="testcases.AutomobilePageVehicleDataTest" name="verifyManSignAMTest" time="0.0">
    <ignored/>
  </testcase> <!-- verifyManSignAMTest -->
  <testcase classname="testcases.AutomobilePageVehicleDataTest" name="trueValueEPTest" time="0.0">
    <ignored/>
  </testcase> <!-- trueValueEPTest -->
  <testcase classname="testcases.AutomobilePageVehicleDataTest" name="verifyManSignMakeTest" time="0.0">
    <ignored/>
  </testcase> <!-- verifyManSignMakeTest -->
  <testcase classname="testcases.AutomobilePageVehicleDataTest" name="verifyErrMsgLicPNTest" time="0.0">
    <ignored/>
  </testcase> <!-- verifyErrMsgLicPNTest -->
  <testcase classname="testcases.AutomobilePageVehicleDataTest" name="verifyFwdPrevButtonTest" time="0.0">
    <ignored/>
  </testcase> <!-- verifyFwdPrevButtonTest -->
  <testcase classname="testcases.AutomobilePageVehicleDataTest" name="verifyManSignNoSTest" time="0.0">
    <ignored/>
  </testcase> <!-- verifyManSignNoSTest -->
  <testcase classname="testcases.AutomobilePageVehicleDataTest" name="lowErrMsgAMTest" time="0.0">
    <ignored/>
  </testcase> <!-- lowErrMsgAMTest -->
  <testcase classname="testcases.AutomobilePageVehicleDataTest" name="lowErrMsgEPTest" time="0.0">
    <ignored/>
  </testcase> <!-- lowErrMsgEPTest -->
  <testcase classname="testcases.AutomobilePageVehicleDataTest" name="alphaErrMsgEPTest" time="0.0">
    <ignored/>
  </testcase> <!-- alphaErrMsgEPTest -->
  <testcase classname="testcases.AutomobilePageVehicleDataTest" name="verifyManSignFTTest" time="0.0">
    <ignored/>
  </testcase> <!-- verifyManSignFTTest -->
  <testcase classname="testcases.AutomobilePageVehicleDataTest" name="verifyHovErrMsgLPTest" time="0.0">
    <ignored/>
  </testcase> <!-- verifyHovErrMsgLPTest -->
  <testcase classname="testcases.AutomobilePageVehicleDataTest" name="verifyHovErrMsgDoMTest" time="0.0">
    <ignored/>
  </testcase> <!-- verifyHovErrMsgDoMTest -->
  <testcase classname="testcases.AutomobilePageVehicleDataTest" name="verifyManSignEPTest" time="0.0">
    <ignored/>
  </testcase> <!-- verifyManSignEPTest -->
  <testcase classname="testcases.AutomobilePageVehicleDataTest" name="highErrMsgEPTest" time="0.0">
    <ignored/>
  </testcase> <!-- highErrMsgEPTest -->
  <testcase classname="testcases.AutomobilePageVehicleDataTest" name="spaceErrMsgAMTest" time="0.0">
    <ignored/>
  </testcase> <!-- spaceErrMsgAMTest -->
  <testcase classname="testcases.AutomobilePageVehicleDataTest" name="verifyListFTTest" time="0.0">
    <ignored/>
  </testcase> <!-- verifyListFTTest -->
  <testcase classname="testcases.AutomobilePageVehicleDataTest" name="verifyManMsgEPTest" time="0.0">
    <ignored/>
  </testcase> <!-- verifyManMsgEPTest -->
  <testcase classname="testcases.AutomobilePageVehicleDataTest" name="highErrMsgAMTest" time="0.0">
    <ignored/>
  </testcase> <!-- highErrMsgAMTest -->
  <testcase classname="testcases.AutomobilePageVehicleDataTest" name="verifyHovErrMsgFTTest" time="0.0">
    <ignored/>
  </testcase> <!-- verifyHovErrMsgFTTest -->
  <testcase classname="testcases.AutomobilePageVehicleDataTest" name="verifyManMsgAMTest" time="0.0">
    <ignored/>
  </testcase> <!-- verifyManMsgAMTest -->
  <testcase classname="testcases.AutomobilePageVehicleDataTest" name="speErrMsgAMTest" time="0.0">
    <ignored/>
  </testcase> <!-- speErrMsgAMTest -->
  <testcase classname="testcases.AutomobilePageVehicleDataTest" name="verifyAutomobileLinkTest" time="0.0">
    <ignored/>
  </testcase> <!-- verifyAutomobileLinkTest -->
  <testcase classname="testcases.AutomobilePageVehicleDataTest" name="verifyManMsgNoSTest" time="0.0">
    <ignored/>
  </testcase> <!-- verifyManMsgNoSTest -->
  <testcase classname="testcases.AutomobilePageVehicleDataTest" name="verifyListMakeTest" time="0.0">
    <ignored/>
  </testcase> <!-- verifyListMakeTest -->
  <testcase classname="testcases.AutomobilePageVehicleDataTest" name="speErrMsgEPTest" time="0.0">
    <ignored/>
  </testcase> <!-- speErrMsgEPTest -->
  <testcase classname="testcases.AutomobilePageVehicleDataTest" name="verifyDropdownNoSTest" time="0.0">
    <ignored/>
  </testcase> <!-- verifyDropdownNoSTest -->
  <testcase classname="testcases.AutomobilePageVehicleDataTest" name="highErrMsgLPTest" time="0.0">
    <ignored/>
  </testcase> <!-- highErrMsgLPTest -->
  <testcase classname="testcases.AutomobilePageVehicleDataTest" name="trueValueLPTest" time="0.0">
    <ignored/>
  </testcase> <!-- trueValueLPTest -->
  <testcase classname="testcases.AutomobilePageVehicleDataTest" name="verifyManMsgLPTest" time="0.0">
    <ignored/>
  </testcase> <!-- verifyManMsgLPTest -->
  <testcase classname="testcases.AutomobilePageVehicleDataTest" name="speErrMsgLPTest" time="0.0">
    <ignored/>
  </testcase> <!-- speErrMsgLPTest -->
  <testcase classname="testcases.AutomobilePageVehicleDataTest" name="verifyHovErrMsgNoSTest" time="0.0">
    <ignored/>
  </testcase> <!-- verifyHovErrMsgNoSTest -->
  <testcase classname="testcases.AutomobilePageVehicleDataTest" name="spaceErrMsgEPTest" time="0.0">
    <ignored/>
  </testcase> <!-- spaceErrMsgEPTest -->
  <testcase classname="testcases.AutomobilePageVehicleDataTest" name="verifyTrueDateTest" time="0.0">
    <ignored/>
  </testcase> <!-- verifyTrueDateTest -->
  <testcase classname="testcases.AutomobilePageVehicleDataTest" name="verifyDatePickerTest" time="0.0">
    <ignored/>
  </testcase> <!-- verifyDatePickerTest -->
  <testcase classname="testcases.AutomobilePageVehicleDataTest" name="verifyManSignLPTest" time="0.0">
    <ignored/>
  </testcase> <!-- verifyManSignLPTest -->
  <testcase classname="testcases.AutomobilePageVehicleDataTest" name="verifyDropdownMakeTest" time="0.0">
    <ignored/>
  </testcase> <!-- verifyDropdownMakeTest -->
  <testcase classname="testcases.AutomobilePageVehicleDataTest" name="spaceErrMsgLPTest" time="0.0">
    <ignored/>
  </testcase> <!-- spaceErrMsgLPTest -->
  <testcase classname="testcases.AutomobilePageVehicleDataTest" name="verifyHovErrMsgMakeTest" time="0.0">
    <ignored/>
  </testcase> <!-- verifyHovErrMsgMakeTest -->
  <testcase classname="testcases.AutomobilePageVehicleDataTest" name="alphaErrMsgLPTest" time="0.0">
    <ignored/>
  </testcase> <!-- alphaErrMsgLPTest -->
  <testcase classname="testcases.AutomobilePageVehicleDataTest" name="verifyInvalidErrMsgTest" time="0.0">
    <ignored/>
  </testcase> <!-- verifyInvalidErrMsgTest -->
  <testcase classname="testcases.AutomobilePageVehicleDataTest" name="alphaErrMsgAMTest" time="0.0">
    <ignored/>
  </testcase> <!-- alphaErrMsgAMTest -->
  <testcase classname="testcases.AutomobilePageVehicleDataTest" name="verifyManMsgMakeTest" time="0.0">
    <ignored/>
  </testcase> <!-- verifyManMsgMakeTest -->
  <testcase classname="testcases.AutomobilePageVehicleDataTest" name="lowErrMsgLPTest" time="0.0">
    <ignored/>
  </testcase> <!-- lowErrMsgLPTest -->
  <testcase classname="testcases.AutomobilePageVehicleDataTest" name="verifyListNoSTest" time="0.0">
    <ignored/>
  </testcase> <!-- verifyListNoSTest -->
  <testcase classname="testcases.AutomobilePageVehicleDataTest" name="verifyDropdownFTTest" time="0.0">
    <ignored/>
  </testcase> <!-- verifyDropdownFTTest -->
  <testcase classname="testcases.AutomobilePageVehicleDataTest" name="verifyCurMonthTest" time="0.0">
    <ignored/>
  </testcase> <!-- verifyCurMonthTest -->
  <testcase classname="testcases.AutomobilePageVehicleDataTest" name="verifyHovErrMsgEPTest" time="0.0">
    <ignored/>
  </testcase> <!-- verifyHovErrMsgEPTest -->
  <testcase classname="testcases.AutomobilePageVehicleDataTest" name="verifyHovErrMsgAMTest" time="0.0">
    <ignored/>
  </testcase> <!-- verifyHovErrMsgAMTest -->
  <testcase classname="testcases.AutomobilePageVehicleDataTest" name="verifyManMsgFTTest" time="0.0">
    <ignored/>
  </testcase> <!-- verifyManMsgFTTest -->
</testsuite> <!-- Default test -->
