<?xml version="1.0" encoding="UTF-8"?>
<!-- Generated by org.testng.reporters.JUnitXMLReporter -->
<testsuite ignored="0" hostname="Salik" failures="3" tests="36" name="Automobile Page Test Cases" time="57.439" errors="0" timestamp="2024-02-09T13:17:48 IST">
  <testcase classname="testcases.AutomobilePageVehicleDataTest" name="verifyAutomobileLinkTest" time="1.013"/>
  <testcase classname="testcases.AutomobilePageVehicleDataTest" name="verifyManSignMakeTest" time="0.054"/>
  <testcase classname="testcases.AutomobilePageVehicleDataTest" name="verifyHovErrMsgMakeTest" time="0.276">
    <failure type="java.lang.AssertionError" message="expected [Select an option] but found []">
      <![CDATA[java.lang.AssertionError: expected [Select an option] but found []
at testcases.AutomobilePageVehicleDataTest.verifyHovErrMsgMakeTest(AutomobilePageVehicleDataTest.java:37)
at java.base/java.util.ArrayList.forEach(ArrayList.java:1511)
... Removed 33 stack frames]]>
    </failure>
  </testcase> <!-- verifyHovErrMsgMakeTest -->
  <testcase classname="testcases.AutomobilePageVehicleDataTest" name="verifyDropdownMakeTest" time="0.165"/>
  <testcase classname="testcases.AutomobilePageVehicleDataTest" name="verifyManMsgMakeTest" time="0.294"/>
  <testcase classname="testcases.AutomobilePageVehicleDataTest" name="verifyListMakeTest" time="0.363"/>
  <testcase classname="testcases.AutomobilePageVehicleDataTest" name="verifyListMakeTest" time="0.347"/>
  <testcase classname="testcases.AutomobilePageVehicleDataTest" name="verifyListMakeTest" time="0.362"/>
  <testcase classname="testcases.AutomobilePageVehicleDataTest" name="verifyListMakeTest" time="0.37"/>
  <testcase classname="testcases.AutomobilePageVehicleDataTest" name="verifyListMakeTest" time="0.382"/>
  <testcase classname="testcases.AutomobilePageVehicleDataTest" name="verifyListMakeTest" time="0.39"/>
  <testcase classname="testcases.AutomobilePageVehicleDataTest" name="verifyListMakeTest" time="0.41"/>
  <testcase classname="testcases.AutomobilePageVehicleDataTest" name="verifyListMakeTest" time="0.418"/>
  <testcase classname="testcases.AutomobilePageVehicleDataTest" name="verifyListMakeTest" time="0.422"/>
  <testcase classname="testcases.AutomobilePageVehicleDataTest" name="verifyListMakeTest" time="0.433"/>
  <testcase classname="testcases.AutomobilePageVehicleDataTest" name="verifyListMakeTest" time="0.463"/>
  <testcase classname="testcases.AutomobilePageVehicleDataTest" name="verifyListMakeTest" time="0.507"/>
  <testcase classname="testcases.AutomobilePageVehicleDataTest" name="verifyListMakeTest" time="0.463"/>
  <testcase classname="testcases.AutomobilePageVehicleDataTest" name="verifyListMakeTest" time="0.467"/>
  <testcase classname="testcases.AutomobilePageVehicleDataTest" name="verifyListMakeTest" time="0.492"/>
  <testcase classname="testcases.AutomobilePageVehicleDataTest" name="verifyManSignEPTest" time="0.037"/>
  <testcase classname="testcases.AutomobilePageVehicleDataTest" name="verifyHovErrMsgEPTest" time="0.161">
    <failure type="java.lang.AssertionError" message="expected [This field is mandatory] but found []">
      <![CDATA[java.lang.AssertionError: expected [This field is mandatory] but found []
at testcases.AutomobilePageVehicleDataTest.verifyHovErrMsgEPTest(AutomobilePageVehicleDataTest.java:74)
at java.base/java.util.ArrayList.forEach(ArrayList.java:1511)
... Removed 33 stack frames]]>
    </failure>
  </testcase> <!-- verifyHovErrMsgEPTest -->
  <testcase classname="testcases.AutomobilePageVehicleDataTest" name="verifyManMsgEPTest" time="0.145"/>
  <testcase classname="testcases.AutomobilePageVehicleDataTest" name="alphaErrMsgEPTest" time="0.165"/>
  <testcase classname="testcases.AutomobilePageVehicleDataTest" name="speErrMsgEPTest" time="0.157"/>
  <testcase classname="testcases.AutomobilePageVehicleDataTest" name="spaceErrMsgEPTest" time="0.192"/>
  <testcase classname="testcases.AutomobilePageVehicleDataTest" name="lowErrMsgEPTest" time="0.149"/>
  <testcase classname="testcases.AutomobilePageVehicleDataTest" name="highErrMsgEPTest" time="0.153"/>
  <testcase classname="testcases.AutomobilePageVehicleDataTest" name="trueValueEPTest" time="0.14"/>
  <testcase classname="testcases.AutomobilePageVehicleDataTest" name="verifyHovErrMsgDoMTest" time="0.17">
    <failure type="java.lang.AssertionError" message="expected [This field is mandatory] but found []">
      <![CDATA[java.lang.AssertionError: expected [This field is mandatory] but found []
at testcases.AutomobilePageVehicleDataTest.verifyHovErrMsgDoMTest(AutomobilePageVehicleDataTest.java:122)
at java.base/java.util.ArrayList.forEach(ArrayList.java:1511)
... Removed 33 stack frames]]>
    </failure>
  </testcase> <!-- verifyHovErrMsgDoMTest -->
  <testcase classname="testcases.AutomobilePageVehicleDataTest" name="verifyDatePickerTest" time="0.08"/>
  <testcase classname="testcases.AutomobilePageVehicleDataTest" name="verifyCurMonthTest" time="0.145"/>
  <testcase classname="testcases.AutomobilePageVehicleDataTest" name="verifyFwdPrevButtonTest" time="0.406"/>
  <testcase classname="testcases.AutomobilePageVehicleDataTest" name="verifyFutureErrMsgTest" time="0.293"/>
  <testcase classname="testcases.AutomobilePageVehicleDataTest" name="verifyInvalidErrMsgTest" time="0.196"/>
  <testcase classname="testcases.AutomobilePageVehicleDataTest" name="verifyTrueDateTest" time="0.23"/>
</testsuite> <!-- Automobile Page Test Cases -->
