<?xml version="1.0" encoding="UTF-8"?>
<!-- Generated by org.testng.reporters.JUnitXMLReporter -->
<testsuite ignored="0" hostname="Salik" failures="7" tests="79" name="Automobile Page Test Cases" time="58.016" errors="0" timestamp="2024-02-09T21:41:01 IST">
  <testcase classname="testcases.AutomobilePageVehicleDataTest" name="verifyAutomobileLinkTest" time="1.183"/>
  <testcase classname="testcases.AutomobilePageVehicleDataTest" name="verifyManSignMakeTest" time="0.061"/>
  <testcase classname="testcases.AutomobilePageVehicleDataTest" name="verifyHovErrMsgMakeTest" time="0.273">
    <failure type="java.lang.AssertionError" message="expected [Select an option] but found []">
      <![CDATA[java.lang.AssertionError: expected [Select an option] but found []
at testcases.AutomobilePageVehicleDataTest.verifyHovErrMsgMakeTest(AutomobilePageVehicleDataTest.java:37)
at java.base/java.util.ArrayList.forEach(ArrayList.java:1511)
... Removed 33 stack frames]]>
    </failure>
  </testcase> <!-- verifyHovErrMsgMakeTest -->
  <testcase classname="testcases.AutomobilePageVehicleDataTest" name="verifyDropdownMakeTest" time="0.17"/>
  <testcase classname="testcases.AutomobilePageVehicleDataTest" name="verifyManMsgMakeTest" time="0.286"/>
  <testcase classname="testcases.AutomobilePageVehicleDataTest" name="verifyListMakeTest" time="0.414"/>
  <testcase classname="testcases.AutomobilePageVehicleDataTest" name="verifyListMakeTest" time="0.37"/>
  <testcase classname="testcases.AutomobilePageVehicleDataTest" name="verifyListMakeTest" time="0.376"/>
  <testcase classname="testcases.AutomobilePageVehicleDataTest" name="verifyListMakeTest" time="0.391"/>
  <testcase classname="testcases.AutomobilePageVehicleDataTest" name="verifyListMakeTest" time="0.387"/>
  <testcase classname="testcases.AutomobilePageVehicleDataTest" name="verifyListMakeTest" time="0.427"/>
  <testcase classname="testcases.AutomobilePageVehicleDataTest" name="verifyListMakeTest" time="0.502"/>
  <testcase classname="testcases.AutomobilePageVehicleDataTest" name="verifyListMakeTest" time="0.424"/>
  <testcase classname="testcases.AutomobilePageVehicleDataTest" name="verifyListMakeTest" time="0.467"/>
  <testcase classname="testcases.AutomobilePageVehicleDataTest" name="verifyListMakeTest" time="0.476"/>
  <testcase classname="testcases.AutomobilePageVehicleDataTest" name="verifyListMakeTest" time="0.493"/>
  <testcase classname="testcases.AutomobilePageVehicleDataTest" name="verifyListMakeTest" time="0.518"/>
  <testcase classname="testcases.AutomobilePageVehicleDataTest" name="verifyListMakeTest" time="0.57"/>
  <testcase classname="testcases.AutomobilePageVehicleDataTest" name="verifyListMakeTest" time="0.532"/>
  <testcase classname="testcases.AutomobilePageVehicleDataTest" name="verifyListMakeTest" time="0.488"/>
  <testcase classname="testcases.AutomobilePageVehicleDataTest" name="verifyManSignEPTest" time="0.038"/>
  <testcase classname="testcases.AutomobilePageVehicleDataTest" name="verifyHovErrMsgEPTest" time="0.17">
    <failure type="java.lang.AssertionError" message="expected [This field is mandatory] but found []">
      <![CDATA[java.lang.AssertionError: expected [This field is mandatory] but found []
at testcases.AutomobilePageVehicleDataTest.verifyHovErrMsgEPTest(AutomobilePageVehicleDataTest.java:73)
at java.base/java.util.ArrayList.forEach(ArrayList.java:1511)
... Removed 33 stack frames]]>
    </failure>
  </testcase> <!-- verifyHovErrMsgEPTest -->
  <testcase classname="testcases.AutomobilePageVehicleDataTest" name="verifyManMsgEPTest" time="0.21"/>
  <testcase classname="testcases.AutomobilePageVehicleDataTest" name="alphaErrMsgEPTest" time="0.242"/>
  <testcase classname="testcases.AutomobilePageVehicleDataTest" name="speErrMsgEPTest" time="0.239"/>
  <testcase classname="testcases.AutomobilePageVehicleDataTest" name="spaceErrMsgEPTest" time="0.225"/>
  <testcase classname="testcases.AutomobilePageVehicleDataTest" name="lowErrMsgEPTest" time="0.231"/>
  <testcase classname="testcases.AutomobilePageVehicleDataTest" name="highErrMsgEPTest" time="0.244"/>
  <testcase classname="testcases.AutomobilePageVehicleDataTest" name="trueValueEPTest" time="0.202"/>
  <testcase classname="testcases.AutomobilePageVehicleDataTest" name="verifyHovErrMsgDoMTest" time="0.212">
    <failure type="java.lang.AssertionError" message="expected [This field is mandatory] but found []">
      <![CDATA[java.lang.AssertionError: expected [This field is mandatory] but found []
at testcases.AutomobilePageVehicleDataTest.verifyHovErrMsgDoMTest(AutomobilePageVehicleDataTest.java:121)
at java.base/java.util.ArrayList.forEach(ArrayList.java:1511)
... Removed 33 stack frames]]>
    </failure>
  </testcase> <!-- verifyHovErrMsgDoMTest -->
  <testcase classname="testcases.AutomobilePageVehicleDataTest" name="verifyDatePickerTest" time="0.036"/>
  <testcase classname="testcases.AutomobilePageVehicleDataTest" name="verifyCurMonthTest" time="0.143"/>
  <testcase classname="testcases.AutomobilePageVehicleDataTest" name="verifyFwdPrevButtonTest" time="0.62"/>
  <testcase classname="testcases.AutomobilePageVehicleDataTest" name="verifyFutureErrMsgTest" time="0.433"/>
  <testcase classname="testcases.AutomobilePageVehicleDataTest" name="verifyInvalidErrMsgTest" time="0.299"/>
  <testcase classname="testcases.AutomobilePageVehicleDataTest" name="verifyTrueDateTest" time="0.269"/>
  <testcase classname="testcases.AutomobilePageVehicleDataTest" name="verifyManSignNoSTest" time="0.033"/>
  <testcase classname="testcases.AutomobilePageVehicleDataTest" name="verifyHovErrMsgNoSTest" time="0.191">
    <failure type="java.lang.AssertionError" message="expected [Select an option] but found []">
      <![CDATA[java.lang.AssertionError: expected [Select an option] but found []
at testcases.AutomobilePageVehicleDataTest.verifyHovErrMsgNoSTest(AutomobilePageVehicleDataTest.java:169)
at java.base/java.util.ArrayList.forEach(ArrayList.java:1511)
... Removed 33 stack frames]]>
    </failure>
  </testcase> <!-- verifyHovErrMsgNoSTest -->
  <testcase classname="testcases.AutomobilePageVehicleDataTest" name="verifyManMsgNoSTest" time="0.259"/>
  <testcase classname="testcases.AutomobilePageVehicleDataTest" name="verifyListNoSTest" time="0.327"/>
  <testcase classname="testcases.AutomobilePageVehicleDataTest" name="verifyListNoSTest" time="0.335"/>
  <testcase classname="testcases.AutomobilePageVehicleDataTest" name="verifyListNoSTest" time="0.346"/>
  <testcase classname="testcases.AutomobilePageVehicleDataTest" name="verifyListNoSTest" time="0.363"/>
  <testcase classname="testcases.AutomobilePageVehicleDataTest" name="verifyListNoSTest" time="0.38"/>
  <testcase classname="testcases.AutomobilePageVehicleDataTest" name="verifyListNoSTest" time="0.377"/>
  <testcase classname="testcases.AutomobilePageVehicleDataTest" name="verifyListNoSTest" time="0.382"/>
  <testcase classname="testcases.AutomobilePageVehicleDataTest" name="verifyListNoSTest" time="0.398"/>
  <testcase classname="testcases.AutomobilePageVehicleDataTest" name="verifyListNoSTest" time="0.41"/>
  <testcase classname="testcases.AutomobilePageVehicleDataTest" name="verifyDropdownNoSTest" time="0.312"/>
  <testcase classname="testcases.AutomobilePageVehicleDataTest" name="verifyManSignFTTest" time="0.038"/>
  <testcase classname="testcases.AutomobilePageVehicleDataTest" name="verifyHovErrMsgFTTest" time="0.171">
    <failure type="java.lang.AssertionError" message="expected [Select an option] but found []">
      <![CDATA[java.lang.AssertionError: expected [Select an option] but found []
at testcases.AutomobilePageVehicleDataTest.verifyHovErrMsgFTTest(AutomobilePageVehicleDataTest.java:205)
at java.base/java.util.ArrayList.forEach(ArrayList.java:1511)
... Removed 33 stack frames]]>
    </failure>
  </testcase> <!-- verifyHovErrMsgFTTest -->
  <testcase classname="testcases.AutomobilePageVehicleDataTest" name="verifyManMsgFTTest" time="0.249"/>
  <testcase classname="testcases.AutomobilePageVehicleDataTest" name="verifyListFTTest" time="0.322"/>
  <testcase classname="testcases.AutomobilePageVehicleDataTest" name="verifyListFTTest" time="0.33"/>
  <testcase classname="testcases.AutomobilePageVehicleDataTest" name="verifyListFTTest" time="0.349"/>
  <testcase classname="testcases.AutomobilePageVehicleDataTest" name="verifyListFTTest" time="0.351"/>
  <testcase classname="testcases.AutomobilePageVehicleDataTest" name="verifyListFTTest" time="0.373"/>
  <testcase classname="testcases.AutomobilePageVehicleDataTest" name="verifyDropdownFTTest" time="0.287"/>
  <testcase classname="testcases.AutomobilePageVehicleDataTest" name="verifyManSignLPTest" time="0.036"/>
  <testcase classname="testcases.AutomobilePageVehicleDataTest" name="verifyHovErrMsgLPTest" time="0.172">
    <failure type="java.lang.AssertionError" message="expected [This field is mandatory] but found []">
      <![CDATA[java.lang.AssertionError: expected [This field is mandatory] but found []
at testcases.AutomobilePageVehicleDataTest.verifyHovErrMsgLPTest(AutomobilePageVehicleDataTest.java:241)
at java.base/java.util.ArrayList.forEach(ArrayList.java:1511)
... Removed 33 stack frames]]>
    </failure>
  </testcase> <!-- verifyHovErrMsgLPTest -->
  <testcase classname="testcases.AutomobilePageVehicleDataTest" name="verifyManMsgLPTest" time="0.183"/>
  <testcase classname="testcases.AutomobilePageVehicleDataTest" name="alphaErrMsgLPTest" time="0.248"/>
  <testcase classname="testcases.AutomobilePageVehicleDataTest" name="speErrMsgLPTest" time="0.265"/>
  <testcase classname="testcases.AutomobilePageVehicleDataTest" name="spaceErrMsgLPTest" time="0.216"/>
  <testcase classname="testcases.AutomobilePageVehicleDataTest" name="lowErrMsgLPTest" time="0.222"/>
  <testcase classname="testcases.AutomobilePageVehicleDataTest" name="highErrMsgLPTest" time="0.253"/>
  <testcase classname="testcases.AutomobilePageVehicleDataTest" name="trueValueLPTest" time="0.217"/>
  <testcase classname="testcases.AutomobilePageVehicleDataTest" name="verifyErrMsgLicPNTest" time="0.275"/>
  <testcase classname="testcases.AutomobilePageVehicleDataTest" name="verifyTrueLicPNTest" time="0.225"/>
  <testcase classname="testcases.AutomobilePageVehicleDataTest" name="verifyManSignAMTest" time="0.035"/>
  <testcase classname="testcases.AutomobilePageVehicleDataTest" name="verifyHovErrMsgAMTest" time="0.177">
    <failure type="java.lang.AssertionError" message="expected [This field is mandatory] but found []">
      <![CDATA[java.lang.AssertionError: expected [This field is mandatory] but found []
at testcases.AutomobilePageVehicleDataTest.verifyHovErrMsgAMTest(AutomobilePageVehicleDataTest.java:307)
at java.base/java.util.ArrayList.forEach(ArrayList.java:1511)
... Removed 33 stack frames]]>
    </failure>
  </testcase> <!-- verifyHovErrMsgAMTest -->
  <testcase classname="testcases.AutomobilePageVehicleDataTest" name="verifyManMsgAMTest" time="0.181"/>
  <testcase classname="testcases.AutomobilePageVehicleDataTest" name="alphaErrMsgAMTest" time="0.215"/>
  <testcase classname="testcases.AutomobilePageVehicleDataTest" name="speErrMsgAMTest" time="0.225"/>
  <testcase classname="testcases.AutomobilePageVehicleDataTest" name="spaceErrMsgAMTest" time="0.224"/>
  <testcase classname="testcases.AutomobilePageVehicleDataTest" name="lowErrMsgAMTest" time="0.215"/>
  <testcase classname="testcases.AutomobilePageVehicleDataTest" name="highErrMsgAMTest" time="0.225"/>
  <testcase classname="testcases.AutomobilePageVehicleDataTest" name="trueValueAMTest" time="0.219"/>
  <testcase classname="testcases.AutomobilePageVehicleDataTest" name="verifyNextButtonTest" time="0.172"/>
</testsuite> <!-- Automobile Page Test Cases -->
